<?xml version="1.0" encoding="UTF-8"?>
<!-- Generated by org.testng.reporters.JUnitXMLReporter -->
<testsuite ignored="3" hostname="NeerajsYoga" failures="0" tests="1" name="Default test" time="13.995" errors="0" timestamp="2026-08-11T16:30:25 IST">
  <testcase classname="SeleniumWebDriver.NavigationMethods" name="ForwardDemo" time="13.966"/>
  <testcase classname="SeleniumWebDriver.NavigationMethods" name="NavigateDemo" time="0.0">
    <ignored/>
  </testcase> <!-- NavigateDemo -->
  <testcase classname="SeleniumWebDriver.NavigationMethods" name="NavigateBackDemo" time="0.0">
    <ignored/>
  </testcase> <!-- NavigateBackDemo -->
  <testcase classname="SeleniumWebDriver.NavigationMethods" name="RefreshDemo" time="0.0">
    <ignored/>
  </testcase> <!-- RefreshDemo -->
</testsuite> <!-- Default test -->
