<?xml version="1.0" encoding="UTF-8"?>
<testng-results ignored="3" total="4" passed="1" failed="0" skipped="0">
  <reporter-output>
  </reporter-output>
  <suite started-at="2026-08-11T16:30:11 IST" name="Default suite" finished-at="2026-08-11T16:30:25 IST" duration-ms="13995">
    <groups>
    </groups>
    <test started-at="2026-08-11T16:30:11 IST" name="Default test" finished-at="2026-08-11T16:30:25 IST" duration-ms="13995">
      <class name="SeleniumWebDriver.NavigationMethods">
        <test-method signature="ForwardDemo()[pri:3, instance:SeleniumWebDriver.NavigationMethods@21de60b4]" started-at="2026-08-11T16:30:11 IST" name="ForwardDemo" finished-at="2026-08-11T16:30:25 IST" duration-ms="13966" status="PASS">
          <reporter-output>
          </reporter-output>
        </test-method> <!-- ForwardDemo -->
      </class> <!-- SeleniumWebDriver.NavigationMethods -->
    </test> <!-- Default test -->
  </suite> <!-- Default suite -->
</testng-results>
